0 info it worked if it ends with ok
1 verbose cli [ '/usr/local/bin/node', '/usr/local/bin/npm', 'start' ]
2 info using npm@1.2.18
3 info using node@v0.10.5
4 verbose read json /home/agasca/src/nimoy/package.json
5 verbose run-script [ 'prestart', 'start', 'poststart' ]
6 info prestart blacksea@0.0.0
7 info start blacksea@0.0.0
8 verbose unsafe-perm in lifecycle true
9 silly exec sh "-c" "node __srvr.js"
10 silly sh,-c,node __srvr.js,/home/agasca/src/nimoy spawning
11 info blacksea@0.0.0 Failed to exec start script
12 error blacksea@0.0.0 start: `node __srvr.js`
12 error `sh "-c" "node __srvr.js"` failed with 8
13 error Failed at the blacksea@0.0.0 start script.
13 error This is most likely a problem with the blacksea package,
13 error not with npm itself.
13 error Tell the author that this fails on your system:
13 error     node __srvr.js
13 error You can get their info via:
13 error     npm owner ls blacksea
13 error There is likely additional logging output above.
14 error System Linux 3.2.0-4-amd64
15 error command "/usr/local/bin/node" "/usr/local/bin/npm" "start"
16 error cwd /home/agasca/src/nimoy
17 error node -v v0.10.5
18 error npm -v 1.2.18
19 error code ELIFECYCLE
20 verbose exit [ 1, true ]
